 BELLHOP/BELLHOP3D

 BELLHOP- Dickins seamount                                                       
 frequency =   230.0     Hz

 Dummy parameter NMedia =            1

     C-linear approximation to SSP
     Attenuation units: dB/wavelength
     VACUUM

 Depth =    3000.00 m

 Sound speed profile:
   z (m)     alphaR (m/s)   betaR  rho (g/cm^3)  alphaI     betaI

      0.00      1476.70      0.00     1.00       0.0000    0.0000
      5.00      1476.70      0.00     1.00       0.0000    0.0000
     10.00      1476.70      0.00     1.00       0.0000    0.0000
     15.00      1476.70      0.00     1.00       0.0000    0.0000
     20.00      1476.70      0.00     1.00       0.0000    0.0000
     25.00      1476.70      0.00     1.00       0.0000    0.0000
     30.00      1476.70      0.00     1.00       0.0000    0.0000
     35.00      1476.70      0.00     1.00       0.0000    0.0000
     38.00      1476.70      0.00     1.00       0.0000    0.0000
     50.00      1472.60      0.00     1.00       0.0000    0.0000
     70.00      1468.80      0.00     1.00       0.0000    0.0000
    100.00      1467.20      0.00     1.00       0.0000    0.0000
    140.00      1471.60      0.00     1.00       0.0000    0.0000
    160.00      1473.60      0.00     1.00       0.0000    0.0000
    170.00      1473.60      0.00     1.00       0.0000    0.0000
    200.00      1472.70      0.00     1.00       0.0000    0.0000
    215.00      1472.20      0.00     1.00       0.0000    0.0000
    250.00      1471.60      0.00     1.00       0.0000    0.0000
    300.00      1471.60      0.00     1.00       0.0000    0.0000
    370.00      1472.00      0.00     1.00       0.0000    0.0000
    450.00      1472.70      0.00     1.00       0.0000    0.0000
    500.00      1473.10      0.00     1.00       0.0000    0.0000
    700.00      1474.90      0.00     1.00       0.0000    0.0000
    900.00      1477.00      0.00     1.00       0.0000    0.0000
   1000.00      1478.10      0.00     1.00       0.0000    0.0000
   1250.00      1480.70      0.00     1.00       0.0000    0.0000
   1500.00      1483.80      0.00     1.00       0.0000    0.0000
   2000.00      1490.50      0.00     1.00       0.0000    0.0000
   2500.00      1498.30      0.00     1.00       0.0000    0.0000
   3000.00      1506.50      0.00     1.00       0.0000    0.0000

                                 ( RMS roughness =   0.00     )
     ACOUSTO-ELASTIC half-space
   3000.00      1550.00      0.00     1.50       0.5000    0.0000

 __________________________________________________________________________

 Number of Source   depths, Sz =            1
 Source   depths, Sz (m)
   18.0000    


 __________________________________________________________________________

 Number of Receiver depths, Rz =          201
 Receiver depths, Rz (m)
   0.00000       15.0000       30.0000       45.0000       60.0000    
   75.0000       90.0000       105.000       120.000       135.000    
          ... 
   3000.00    


 __________________________________________________________________________

 Number of Receiver ranges, Rr =         1001
 Receiver ranges, Rr (km)
   0.00000      0.100000      0.200000      0.300000      0.400000    
  0.500000      0.600000      0.700000      0.800000      0.900000    
          ... 
   100.000    


 Coherent TL calculation
 Geometric gaussian beams in Cartesian coordinates
 Point source (cylindrical coordinates)
 Rectilinear receiver grid: Receivers at Rr( : ) x Rz( : )
 __________________________________________________________________________

 Number of beams in elevation   =         4600
 Beam take-off angles (degrees)
  -89.0000      -88.9613      -88.9226      -88.8839      -88.8452    
  -88.8065      -88.7678      -88.7291      -88.6904      -88.6517    
          ... 
   89.0000    

 __________________________________________________________________________


 Step length,       deltas =   0.000     m

 Maximum ray depth, Box%z  =   3100.     m
 Maximum ray range, Box%r  =   101.0    km
 No beam shift in effect


 Step length,       deltas =   300.0     m (automatically selected)

Tracing beam       1    -89.00

 Geometric Gaussian beams                
 halfwidth  =    3025.3846971651756     
 epsilonOpt =  (  0.0000000000000000     ,  6613615164.0856190     )
 EpsMult    =    1.0000000000000000     

Tracing beam      93    -85.44
Tracing beam     185    -81.88
Tracing beam     277    -78.32
Tracing beam     369    -74.76
Tracing beam     461    -71.20
Tracing beam     553    -67.64
Tracing beam     645    -64.07
Tracing beam     737    -60.51
Tracing beam     829    -56.95
Tracing beam     921    -53.39
Tracing beam    1013    -49.83
Tracing beam    1105    -46.27
Tracing beam    1197    -42.71
Tracing beam    1289    -39.15
Tracing beam    1381    -35.59
Tracing beam    1473    -32.03
Tracing beam    1565    -28.47
Tracing beam    1657    -24.91
Tracing beam    1749    -21.35
Tracing beam    1841    -17.78
Tracing beam    1933    -14.22
Tracing beam    2025    -10.66
Tracing beam    2117     -7.10
Tracing beam    2209     -3.54
Tracing beam    2301      0.02
Tracing beam    2393      3.58
Tracing beam    2485      7.14
Tracing beam    2577     10.70
Tracing beam    2669     14.26
Tracing beam    2761     17.82
Tracing beam    2853     21.38
Tracing beam    2945     24.94
Tracing beam    3037     28.51
Tracing beam    3129     32.07
Tracing beam    3221     35.63
Tracing beam    3313     39.19
Tracing beam    3405     42.75
Tracing beam    3497     46.31
Tracing beam    3589     49.87
Tracing beam    3681     53.43
Tracing beam    3773     56.99
Tracing beam    3865     60.55
Tracing beam    3957     64.11
Tracing beam    4049     67.67
Tracing beam    4141     71.23
Tracing beam    4233     74.80
Tracing beam    4325     78.36
Tracing beam    4417     81.92
Tracing beam    4509     85.48

 CPU Time =        4.61    s
