 BELLHOP/BELLHOP3D

 BELLHOP- Kauai Freq = 10 kHz, Sd = 50 m                                         
 frequency =  0.1000E+05 Hz

 Dummy parameter NMedia =            1

     C-linear approximation to SSP
     Attenuation units: dB/wavelength
     THORP volume attenuation added
     VACUUM

 Depth =     971.00 m

 Sound speed profile:
   z (m)     alphaR (m/s)   betaR  rho (g/cm^3)  alphaI     betaI

      0.00      1538.20      0.00     1.00       0.0000    0.0000
      1.90      1538.28      0.00     1.00       0.0000    0.0000
      7.00      1538.36      0.00     1.00       0.0000    0.0000
     12.10      1538.41      0.00     1.00       0.0000    0.0000
     17.20      1538.51      0.00     1.00       0.0000    0.0000
     22.30      1538.56      0.00     1.00       0.0000    0.0000
     27.40      1538.61      0.00     1.00       0.0000    0.0000
     32.50      1538.70      0.00     1.00       0.0000    0.0000
     37.60      1538.83      0.00     1.00       0.0000    0.0000
     42.70      1539.00      0.00     1.00       0.0000    0.0000
     47.80      1539.09      0.00     1.00       0.0000    0.0000
     52.90      1539.03      0.00     1.00       0.0000    0.0000
     58.00      1539.06      0.00     1.00       0.0000    0.0000
     63.10      1538.90      0.00     1.00       0.0000    0.0000
     68.20      1538.82      0.00     1.00       0.0000    0.0000
     73.20      1538.56      0.00     1.00       0.0000    0.0000
     78.30      1537.52      0.00     1.00       0.0000    0.0000
     83.40      1536.47      0.00     1.00       0.0000    0.0000
     88.50      1534.77      0.00     1.00       0.0000    0.0000
     93.50      1534.52      0.00     1.00       0.0000    0.0000
     98.60      1534.35      0.00     1.00       0.0000    0.0000
    103.70      1534.14      0.00     1.00       0.0000    0.0000
    108.70      1533.54      0.00     1.00       0.0000    0.0000
    113.80      1533.36      0.00     1.00       0.0000    0.0000
    118.90      1532.78      0.00     1.00       0.0000    0.0000
    123.90      1532.58      0.00     1.00       0.0000    0.0000
    129.00      1532.16      0.00     1.00       0.0000    0.0000
    134.00      1531.67      0.00     1.00       0.0000    0.0000
    139.10      1531.60      0.00     1.00       0.0000    0.0000
    144.10      1531.00      0.00     1.00       0.0000    0.0000
    149.20      1530.31      0.00     1.00       0.0000    0.0000
    154.20      1528.52      0.00     1.00       0.0000    0.0000
    159.20      1528.05      0.00     1.00       0.0000    0.0000
    164.30      1527.76      0.00     1.00       0.0000    0.0000
    169.30      1527.11      0.00     1.00       0.0000    0.0000
    174.30      1525.74      0.00     1.00       0.0000    0.0000
    179.40      1525.20      0.00     1.00       0.0000    0.0000
    184.40      1524.05      0.00     1.00       0.0000    0.0000
    189.40      1524.10      0.00     1.00       0.0000    0.0000
    194.50      1522.77      0.00     1.00       0.0000    0.0000
    199.50      1521.22      0.00     1.00       0.0000    0.0000
    204.50      1519.71      0.00     1.00       0.0000    0.0000
    209.50      1518.81      0.00     1.00       0.0000    0.0000
    214.50      1517.63      0.00     1.00       0.0000    0.0000
    219.50      1517.20      0.00     1.00       0.0000    0.0000
    224.60      1515.90      0.00     1.00       0.0000    0.0000
    229.60      1512.79      0.00     1.00       0.0000    0.0000
    234.60      1512.17      0.00     1.00       0.0000    0.0000
    239.60      1511.92      0.00     1.00       0.0000    0.0000
    244.60      1511.09      0.00     1.00       0.0000    0.0000
    249.60      1510.63      0.00     1.00       0.0000    0.0000
    254.60      1509.91      0.00     1.00       0.0000    0.0000
    259.60      1508.44      0.00     1.00       0.0000    0.0000
    264.50      1507.40      0.00     1.00       0.0000    0.0000
    269.50      1506.74      0.00     1.00       0.0000    0.0000
    274.50      1506.48      0.00     1.00       0.0000    0.0000
    279.50      1506.12      0.00     1.00       0.0000    0.0000
    284.50      1506.00      0.00     1.00       0.0000    0.0000
    289.50      1505.36      0.00     1.00       0.0000    0.0000
    294.40      1504.95      0.00     1.00       0.0000    0.0000
    299.40      1504.23      0.00     1.00       0.0000    0.0000
    304.40      1503.52      0.00     1.00       0.0000    0.0000
    309.40      1503.11      0.00     1.00       0.0000    0.0000
    314.30      1503.11      0.00     1.00       0.0000    0.0000
    319.30      1503.06      0.00     1.00       0.0000    0.0000
    324.30      1502.71      0.00     1.00       0.0000    0.0000
    329.20      1502.41      0.00     1.00       0.0000    0.0000
    334.20      1502.27      0.00     1.00       0.0000    0.0000
    339.10      1501.89      0.00     1.00       0.0000    0.0000
    344.10      1501.56      0.00     1.00       0.0000    0.0000
    349.00      1501.52      0.00     1.00       0.0000    0.0000
    354.00      1501.29      0.00     1.00       0.0000    0.0000
    358.90      1499.91      0.00     1.00       0.0000    0.0000
    363.90      1498.93      0.00     1.00       0.0000    0.0000
    368.80      1498.25      0.00     1.00       0.0000    0.0000
    373.80      1498.28      0.00     1.00       0.0000    0.0000
    378.70      1498.28      0.00     1.00       0.0000    0.0000
    383.60      1498.07      0.00     1.00       0.0000    0.0000
    388.60      1497.00      0.00     1.00       0.0000    0.0000
    393.50      1496.30      0.00     1.00       0.0000    0.0000
    398.40      1495.84      0.00     1.00       0.0000    0.0000
    403.40      1495.48      0.00     1.00       0.0000    0.0000
    408.30      1495.29      0.00     1.00       0.0000    0.0000
    413.20      1495.17      0.00     1.00       0.0000    0.0000
    418.10      1495.10      0.00     1.00       0.0000    0.0000
    423.00      1494.89      0.00     1.00       0.0000    0.0000
    427.90      1494.61      0.00     1.00       0.0000    0.0000
    432.90      1494.33      0.00     1.00       0.0000    0.0000
    437.80      1493.93      0.00     1.00       0.0000    0.0000
    442.70      1493.58      0.00     1.00       0.0000    0.0000
    447.60      1493.48      0.00     1.00       0.0000    0.0000
    452.50      1493.53      0.00     1.00       0.0000    0.0000
    457.40      1493.38      0.00     1.00       0.0000    0.0000
    462.30      1493.31      0.00     1.00       0.0000    0.0000
    467.20      1493.29      0.00     1.00       0.0000    0.0000
    472.10      1493.29      0.00     1.00       0.0000    0.0000
    477.00      1493.08      0.00     1.00       0.0000    0.0000
    481.90      1493.04      0.00     1.00       0.0000    0.0000
    486.70      1492.94      0.00     1.00       0.0000    0.0000
    491.60      1492.41      0.00     1.00       0.0000    0.0000
    496.50      1491.74      0.00     1.00       0.0000    0.0000
    501.40      1491.52      0.00     1.00       0.0000    0.0000
    506.30      1491.49      0.00     1.00       0.0000    0.0000
    511.10      1491.32      0.00     1.00       0.0000    0.0000
    516.00      1490.58      0.00     1.00       0.0000    0.0000
    520.90      1490.44      0.00     1.00       0.0000    0.0000
    525.70      1489.65      0.00     1.00       0.0000    0.0000
    530.60      1489.26      0.00     1.00       0.0000    0.0000
    535.50      1488.70      0.00     1.00       0.0000    0.0000
    540.30      1488.49      0.00     1.00       0.0000    0.0000
    545.20      1488.20      0.00     1.00       0.0000    0.0000
    550.00      1487.60      0.00     1.00       0.0000    0.0000
    554.90      1487.41      0.00     1.00       0.0000    0.0000
    559.80      1487.30      0.00     1.00       0.0000    0.0000
    564.60      1487.28      0.00     1.00       0.0000    0.0000
    569.40      1487.12      0.00     1.00       0.0000    0.0000
    574.30      1486.88      0.00     1.00       0.0000    0.0000
    579.10      1486.77      0.00     1.00       0.0000    0.0000
    584.00      1486.88      0.00     1.00       0.0000    0.0000
    588.80      1486.90      0.00     1.00       0.0000    0.0000
    593.60      1486.25      0.00     1.00       0.0000    0.0000
    598.50      1486.03      0.00     1.00       0.0000    0.0000
    603.30      1486.07      0.00     1.00       0.0000    0.0000
    608.10      1486.08      0.00     1.00       0.0000    0.0000
    613.00      1486.15      0.00     1.00       0.0000    0.0000
    617.80      1485.89      0.00     1.00       0.0000    0.0000
    622.60      1485.86      0.00     1.00       0.0000    0.0000
    627.40      1485.79      0.00     1.00       0.0000    0.0000
    632.20      1485.59      0.00     1.00       0.0000    0.0000
    637.10      1485.34      0.00     1.00       0.0000    0.0000
    641.90      1485.15      0.00     1.00       0.0000    0.0000
    646.70      1484.73      0.00     1.00       0.0000    0.0000
    651.50      1484.77      0.00     1.00       0.0000    0.0000
    656.30      1484.74      0.00     1.00       0.0000    0.0000
    661.10      1484.76      0.00     1.00       0.0000    0.0000
    665.90      1484.81      0.00     1.00       0.0000    0.0000
    670.70      1484.84      0.00     1.00       0.0000    0.0000
    675.50      1484.94      0.00     1.00       0.0000    0.0000
    680.30      1484.69      0.00     1.00       0.0000    0.0000
    685.10      1484.65      0.00     1.00       0.0000    0.0000
    689.90      1484.13      0.00     1.00       0.0000    0.0000
    694.60      1484.19      0.00     1.00       0.0000    0.0000
    699.40      1484.01      0.00     1.00       0.0000    0.0000
    704.20      1483.99      0.00     1.00       0.0000    0.0000
    709.00      1483.98      0.00     1.00       0.0000    0.0000
    713.80      1483.95      0.00     1.00       0.0000    0.0000
    718.50      1484.00      0.00     1.00       0.0000    0.0000
    723.30      1484.05      0.00     1.00       0.0000    0.0000
    728.10      1484.09      0.00     1.00       0.0000    0.0000
    732.80      1484.20      0.00     1.00       0.0000    0.0000
    737.60      1484.33      0.00     1.00       0.0000    0.0000
    742.40      1484.40      0.00     1.00       0.0000    0.0000
    747.10      1484.43      0.00     1.00       0.0000    0.0000
    751.90      1484.61      0.00     1.00       0.0000    0.0000
    756.70      1484.95      0.00     1.00       0.0000    0.0000
    761.40      1484.84      0.00     1.00       0.0000    0.0000
    766.20      1484.86      0.00     1.00       0.0000    0.0000
    770.90      1484.87      0.00     1.00       0.0000    0.0000
    775.70      1484.95      0.00     1.00       0.0000    0.0000
    780.40      1484.84      0.00     1.00       0.0000    0.0000
    785.10      1484.84      0.00     1.00       0.0000    0.0000
    789.90      1484.91      0.00     1.00       0.0000    0.0000
    794.60      1484.95      0.00     1.00       0.0000    0.0000
    799.40      1484.49      0.00     1.00       0.0000    0.0000
    971.00      1484.49      0.00     1.00       0.0000    0.0000

                                 ( RMS roughness =   0.00     )
     ACOUSTO-ELASTIC half-space
    971.00      1600.00      0.00     1.80       0.5000    0.0000

 __________________________________________________________________________

 Number of Source   depths, Sz =            1
 Source   depths, Sz (m)
   50.0000    


 __________________________________________________________________________

 Number of Receiver depths, Rz =          300
 Receiver depths, Rz (m)
   1.00000       2.00000       3.00000       4.00000       5.00000    
   6.00000       7.00000       8.00000       9.00000       10.0000    
          ... 
   300.000    


 __________________________________________________________________________

 Number of Receiver ranges, Rr =         1000
 Receiver ranges, Rr (km)
  0.150000E-01  0.300000E-01  0.450000E-01  0.600000E-01  0.750000E-01
  0.900000E-01  0.105000      0.120000      0.135000      0.150000    
          ... 
   15.0000    


 Arrivals calculation, ASCII  file output
 Geometric hat beams in Cartesian coordinates
 Point source (cylindrical coordinates)
 Rectilinear receiver grid: Receivers at Rr( : ) x Rz( : )
 __________________________________________________________________________

 Number of beams in elevation   =        30000
 Beam take-off angles (degrees)
  -15.0000      -14.9990      -14.9980      -14.9970      -14.9960    
  -14.9950      -14.9940      -14.9930      -14.9920      -14.9910    
          ... 
   15.0000    

 __________________________________________________________________________


 Step length,       deltas =   0.000     m

 Maximum ray depth, Box%z  =   1400.     m
 Maximum ray range, Box%r  =   15.10    km
 No beam shift in effect


 Step length,       deltas =   97.10     m (automatically selected)

 ( Maximum # of arrivals =           66 )

Tracing beam       1    -15.00

 Geometric hat beams                     
 halfwidth  =    2806.8228019472299     
 epsilonOpt =  (  0.0000000000000000     ,  247502656483.06155     )
 EpsMult    =    1.0000000000000000     

Tracing beam     601    -14.40
Tracing beam    1201    -13.80
Tracing beam    1801    -13.20
Tracing beam    2401    -12.60
Tracing beam    3001    -12.00
Tracing beam    3601    -11.40
Tracing beam    4201    -10.80
Tracing beam    4801    -10.20
Tracing beam    5401     -9.60
Tracing beam    6001     -9.00
Tracing beam    6601     -8.40
Tracing beam    7201     -7.80
Tracing beam    7801     -7.20
Tracing beam    8401     -6.60
Tracing beam    9001     -6.00
Tracing beam    9601     -5.40
Tracing beam   10201     -4.80
Tracing beam   10801     -4.20
Tracing beam   11401     -3.60
Tracing beam   12001     -3.00
Tracing beam   12601     -2.40
Tracing beam   13201     -1.80
Tracing beam   13801     -1.20
Tracing beam   14401     -0.60
Tracing beam   15001      0.00
Tracing beam   15601      0.60
Tracing beam   16201      1.20
Tracing beam   16801      1.80
Tracing beam   17401      2.40
Tracing beam   18001      3.00
Tracing beam   18601      3.60
Tracing beam   19201      4.20
Tracing beam   19801      4.80
Tracing beam   20401      5.40
Tracing beam   21001      6.00
Tracing beam   21601      6.60
Tracing beam   22201      7.20
Tracing beam   22801      7.80
Tracing beam   23401      8.40
Tracing beam   24001      9.00
Tracing beam   24601      9.60
Tracing beam   25201     10.20
Tracing beam   25801     10.80
Tracing beam   26401     11.40
Tracing beam   27001     12.00
Tracing beam   27601     12.60
Tracing beam   28201     13.20
Tracing beam   28801     13.80
Tracing beam   29401     14.40

 CPU Time =        26.3    s
