 BELLHOP/BELLHOP3D

 BELLHOP- Point source in free space                                             
 frequency =   100.0     Hz

 Dummy parameter NMedia =            1

     C-linear approximation to SSP
     Attenuation units: dB/mkHz


   z (m)     alphaR (m/s)   betaR  rho (g/cm^3)  alphaI     betaI

     ACOUSTO-ELASTIC half-space
 -10000.00      1500.00      0.00     1.00       0.0000    0.0000

 Depth =   10000.00 m

 Sound speed profile:
   z (m)     alphaR (m/s)   betaR  rho (g/cm^3)  alphaI     betaI

 -10000.00      1500.00      0.00     1.00       0.0000    0.0000
  10000.00      1500.00      0.00     1.00       0.0000    0.0000

                                 ( RMS roughness =   0.00     )
     ACOUSTO-ELASTIC half-space
      0.00      1500.00      0.00     1.00       0.0000    0.0000

 __________________________________________________________________________

 Number of Source   depths, Sz =            1
 Source   depths, Sz (m)
   0.00000    


 __________________________________________________________________________

 Number of Receiver depths, Rz =          501
 Receiver depths, Rz (m)
  -5000.00      -4980.00      -4960.00      -4940.00      -4920.00    
  -4900.00      -4880.00      -4860.00      -4840.00      -4820.00    
          ... 
   5000.00    


 __________________________________________________________________________

 Number of Receiver ranges, Rr =          501
 Receiver ranges, Rr (km)
  -10.0000      -9.96000      -9.92000      -9.88000      -9.84000    
  -9.80000      -9.76000      -9.72000      -9.68000      -9.64000    
          ... 
   10.0000    


 Coherent TL calculation
 Geometric hat beams in Cartesian coordinates
 Point source (cylindrical coordinates)
 Rectilinear receiver grid: Receivers at Rr( : ) x Rz( : )
 __________________________________________________________________________

 Number of beams in elevation   =          299
 Beam take-off angles (degrees)
  -180.000      -178.796      -177.592      -176.388      -175.184    
  -173.980      -172.776      -171.572      -170.368      -169.164    
          ... 
   178.796    

 __________________________________________________________________________


 Step length,       deltas =   0.000     m

 Maximum ray depth, Box%z  =  0.1000E+05 m
 Maximum ray range, Box%r  =   10.00    km
 No beam shift in effect


 Step length,       deltas =   2000.     m (automatically selected)

 Warning in BELLHOP : Too few beams
 Nalpha should be at least =          398
Tracing beam       1   -180.00

 Geometric hat beams                     
 halfwidth  =    227.21275431794143     
 epsilonOpt =  (  0.0000000000000000     ,  16218671.792976269     )
 EpsMult    =    1.0000000000000000     

Tracing beam       6   -173.98
Tracing beam      11   -167.96
Tracing beam      16   -161.94
Tracing beam      21   -155.92
Tracing beam      26   -149.90
Tracing beam      31   -143.88
Tracing beam      36   -137.86
Tracing beam      41   -131.84
Tracing beam      46   -125.82
Tracing beam      51   -119.80
Tracing beam      56   -113.78
Tracing beam      61   -107.76
Tracing beam      66   -101.74
Tracing beam      71    -95.72
Tracing beam      76    -89.70
Tracing beam      81    -83.68
Tracing beam      86    -77.66
Tracing beam      91    -71.64
Tracing beam      96    -65.62
Tracing beam     101    -59.60
Tracing beam     106    -53.58
Tracing beam     111    -47.56
Tracing beam     116    -41.54
Tracing beam     121    -35.52
Tracing beam     126    -29.50
Tracing beam     131    -23.48
Tracing beam     136    -17.46
Tracing beam     141    -11.44
Tracing beam     146     -5.42
Tracing beam     151      0.60
Tracing beam     156      6.62
Tracing beam     161     12.64
Tracing beam     166     18.66
Tracing beam     171     24.68
Tracing beam     176     30.70
Tracing beam     181     36.72
Tracing beam     186     42.74
Tracing beam     191     48.76
Tracing beam     196     54.78
Tracing beam     201     60.80
Tracing beam     206     66.82
Tracing beam     211     72.84
Tracing beam     216     78.86
Tracing beam     221     84.88
Tracing beam     226     90.90
Tracing beam     231     96.92
Tracing beam     236    102.94
Tracing beam     241    108.96
Tracing beam     246    114.98
Tracing beam     251    121.00
Tracing beam     256    127.02
Tracing beam     261    133.04
Tracing beam     266    139.06
Tracing beam     271    145.08
Tracing beam     276    151.10
Tracing beam     281    157.12
Tracing beam     286    163.14
Tracing beam     291    169.16
Tracing beam     296    175.18

 CPU Time =       0.938E-01s
