 BELLHOP/BELLHOP3D

 BELLHOP- Dickins                                                                
 frequency =   230.0     Hz

 Dummy parameter NMedia =            1

     C-linear approximation to SSP
     Attenuation units: dB/wavelength
     VACUUM

 Depth =    3000.00 m

 Sound speed profile:
   z (m)     alphaR (m/s)   betaR  rho (g/cm^3)  alphaI     betaI

      0.00      1476.70      0.00     1.00       0.0000    0.0000
      5.00      1476.70      0.00     1.00       0.0000    0.0000
     10.00      1476.70      0.00     1.00       0.0000    0.0000
     15.00      1476.70      0.00     1.00       0.0000    0.0000
     20.00      1476.70      0.00     1.00       0.0000    0.0000
     25.00      1476.70      0.00     1.00       0.0000    0.0000
     30.00      1476.70      0.00     1.00       0.0000    0.0000
     35.00      1476.70      0.00     1.00       0.0000    0.0000
     38.00      1476.70      0.00     1.00       0.0000    0.0000
     50.00      1472.60      0.00     1.00       0.0000    0.0000
     70.00      1468.80      0.00     1.00       0.0000    0.0000
    100.00      1467.20      0.00     1.00       0.0000    0.0000
    140.00      1471.60      0.00     1.00       0.0000    0.0000
    160.00      1473.60      0.00     1.00       0.0000    0.0000
    170.00      1473.60      0.00     1.00       0.0000    0.0000
    200.00      1472.70      0.00     1.00       0.0000    0.0000
    215.00      1472.20      0.00     1.00       0.0000    0.0000
    250.00      1471.60      0.00     1.00       0.0000    0.0000
    300.00      1471.60      0.00     1.00       0.0000    0.0000
    370.00      1472.00      0.00     1.00       0.0000    0.0000
    450.00      1472.70      0.00     1.00       0.0000    0.0000
    500.00      1473.10      0.00     1.00       0.0000    0.0000
    700.00      1474.90      0.00     1.00       0.0000    0.0000
    900.00      1477.00      0.00     1.00       0.0000    0.0000
   1000.00      1478.10      0.00     1.00       0.0000    0.0000
   1250.00      1480.70      0.00     1.00       0.0000    0.0000
   1500.00      1483.80      0.00     1.00       0.0000    0.0000
   2000.00      1490.50      0.00     1.00       0.0000    0.0000
   2500.00      1498.30      0.00     1.00       0.0000    0.0000
   3000.00      1506.50      0.00     1.00       0.0000    0.0000

                                 ( RMS roughness =   0.00     )
     ACOUSTO-ELASTIC half-space
   3000.00      1550.00      0.00     1.50       0.5000    0.0000

 __________________________________________________________________________

 Number of Source   depths, Sz =            1
 Source   depths, Sz (m)
   18.0000    


 __________________________________________________________________________

 Number of Receiver depths, Rz =          201
 Receiver depths, Rz (m)
   0.00000       15.0000       30.0000       45.0000       60.0000    
   75.0000       90.0000       105.000       120.000       135.000    
          ... 
   3000.00    


 __________________________________________________________________________

 Number of Receiver ranges, Rr =         1001
 Receiver ranges, Rr (km)
   0.00000      0.100000      0.200000      0.300000      0.400000    
  0.500000      0.600000      0.700000      0.800000      0.900000    
          ... 
   100.000    


 Coherent TL calculation
 Geometric gaussian beams in Cartesian coordinates
 Point source (cylindrical coordinates)
 Rectilinear receiver grid: Receivers at Rr( : ) x Rz( : )
 __________________________________________________________________________

 Number of beams in elevation   =           21
 Beam take-off angles (degrees)
  -15.0000      -13.5000      -12.0000      -10.5000      -9.00000    
  -7.50000      -6.00000      -4.50000      -3.00000      -1.50000    
          ... 
   15.0000    

 __________________________________________________________________________


 Step length,       deltas =   0.000     m

 Maximum ray depth, Box%z  =   3100.     m
 Maximum ray range, Box%r  =   101.0    km
 No beam shift in effect


 Step length,       deltas =   300.0     m (automatically selected)

 Warning in BELLHOP : Too few beams
 Nalpha should be at least =          162
Tracing beam       1    -15.00

 Geometric Gaussian beams                
 halfwidth  =    78.063126200681495     
 epsilonOpt =  (  0.0000000000000000     ,  4403211.9184703697     )
 EpsMult    =    1.0000000000000000     

Tracing beam       2    -13.50
Tracing beam       3    -12.00
Tracing beam       4    -10.50
Tracing beam       5     -9.00
Tracing beam       6     -7.50
Tracing beam       7     -6.00
Tracing beam       8     -4.50
Tracing beam       9     -3.00
Tracing beam      10     -1.50
Tracing beam      11      0.00
Tracing beam      12      1.50
Tracing beam      13      3.00
Tracing beam      14      4.50
Tracing beam      15      6.00
Tracing beam      16      7.50
Tracing beam      17      9.00
Tracing beam      18     10.50
Tracing beam      19     12.00
Tracing beam      20     13.50
Tracing beam      21     15.00

 CPU Time =       0.344    s
